{"uuid":"c2a733ba-197d-41ae-adf4-ef21914d22d8","historyId":"f72fc70c6b20c9bc5e0249ee29ad88e2","fullName":"Manage Program Page validation: Verify column header name of data table","labels":[{"name":"host","value":"LAPTOP-LQMIT81G"},{"name":"thread","value":"45736@LAPTOP-LQMIT81G.main(1)"},{"name":"feature","value":"Manage Program Page validation"},{"name":"story","value":"Verify column header name of data table"},{"name":"suite","value":"Manage Program Page validation"},{"name":"testClass","value":"Verify column header name of data table"},{"name":"framework","value":"cucumber5jvm"},{"name":"language","value":"java"},{"name":"gherkin_uri","value":"file:///C:/Users/padma/git/Team01_TechNinjas/src/test/resources/features/ProgramModule/ManageProgramPageValidation.feature"},{"name":"package","value":"src.test.resources.features.ProgramModule.ManageProgramPageValidation_feature.Manage Program Page validation"}],"links":[],"name":"Verify column header name of data table","status":"passed","statusDetails":{"known":false,"muted":false,"flaky":false,"message":"Undefined Step. Please add step definition","trace":"java.lang.IllegalStateException: Undefined Step. Please add step definition\r\n\tat io.qameta.allure.cucumber5jvm.AllureCucumber5Jvm.handlePickleStep(AllureCucumber5Jvm.java:398)\r\n\tat io.qameta.allure.cucumber5jvm.AllureCucumber5Jvm.handleTestStepFinished(AllureCucumber5Jvm.java:241)\r\n\tat io.cucumber.core.eventbus.AbstractEventPublisher.send(AbstractEventPublisher.java:45)\r\n\tat io.cucumber.core.eventbus.AbstractEventBus.send(AbstractEventBus.java:9)\r\n\tat io.cucumber.core.runtime.ThreadLocalRunnerSupplier$SynchronizedEventBus.send(ThreadLocalRunnerSupplier.java:100)\r\n\tat io.cucumber.core.runtime.ThreadLocalRunnerSupplier$LocalEventBus.send(ThreadLocalRunnerSupplier.java:68)\r\n\tat io.cucumber.core.runner.TestStep.run(TestStep.java:58)\r\n\tat io.cucumber.core.runner.PickleStepTestStep.run(PickleStepTestStep.java:46)\r\n\tat io.cucumber.core.runner.TestCase.run(TestCase.java:51)\r\n\tat io.cucumber.core.runner.Runner.runPickle(Runner.java:66)\r\n\tat io.cucumber.junit.PickleRunners$NoStepDescriptions.run(PickleRunners.java:149)\r\n\tat io.cucumber.junit.FeatureRunner.runChild(FeatureRunner.java:83)\r\n\tat io.cucumber.junit.FeatureRunner.runChild(FeatureRunner.java:24)\r\n\tat org.junit.runners.ParentRunner$4.run(ParentRunner.java:331)\r\n\tat org.junit.runners.ParentRunner$1.schedule(ParentRunner.java:79)\r\n\tat org.junit.runners.ParentRunner.runChildren(ParentRunner.java:329)\r\n\tat org.junit.runners.ParentRunner.access$100(ParentRunner.java:66)\r\n\tat org.junit.runners.ParentRunner$2.evaluate(ParentRunner.java:293)\r\n\tat org.junit.runners.ParentRunner$3.evaluate(ParentRunner.java:306)\r\n\tat org.junit.runners.ParentRunner.run(ParentRunner.java:413)\r\n\tat io.cucumber.junit.Cucumber.runChild(Cucumber.java:185)\r\n\tat io.cucumber.junit.Cucumber.runChild(Cucumber.java:83)\r\n\tat org.junit.runners.ParentRunner$4.run(ParentRunner.java:331)\r\n\tat org.junit.runners.ParentRunner$1.schedule(ParentRunner.java:79)\r\n\tat org.junit.runners.ParentRunner.runChildren(ParentRunner.java:329)\r\n\tat org.junit.runners.ParentRunner.access$100(ParentRunner.java:66)\r\n\tat org.junit.runners.ParentRunner$2.evaluate(ParentRunner.java:293)\r\n\tat io.cucumber.junit.Cucumber$RunCucumber.evaluate(Cucumber.java:219)\r\n\tat org.junit.runners.ParentRunner$3.evaluate(ParentRunner.java:306)\r\n\tat org.junit.runners.ParentRunner.run(ParentRunner.java:413)\r\n\tat org.eclipse.jdt.internal.junit4.runner.JUnit4TestReference.run(JUnit4TestReference.java:93)\r\n\tat org.eclipse.jdt.internal.junit.runner.TestExecution.run(TestExecution.java:40)\r\n\tat org.eclipse.jdt.internal.junit.runner.RemoteTestRunner.runTests(RemoteTestRunner.java:529)\r\n\tat org.eclipse.jdt.internal.junit.runner.RemoteTestRunner.runTests(RemoteTestRunner.java:756)\r\n\tat org.eclipse.jdt.internal.junit.runner.RemoteTestRunner.run(RemoteTestRunner.java:452)\r\n\tat org.eclipse.jdt.internal.junit.runner.RemoteTestRunner.main(RemoteTestRunner.java:210)\r\n"},"stage":"finished","steps":[{"name":"Given  Admin is in login Page","status":"passed","statusDetails":{"known":false,"muted":false,"flaky":false},"stage":"finished","steps":[],"attachments":[],"parameters":[],"start":1730051087337,"stop":1730051087339},{"name":"When  Admin enter valid credentials  and clicks login button through keyboard","status":"passed","statusDetails":{"known":false,"muted":false,"flaky":false},"stage":"finished","steps":[],"attachments":[],"parameters":[],"start":1730051087340,"stop":1730051087722},{"name":"Then  Admin should land on dashboard page","status":"passed","statusDetails":{"known":false,"muted":false,"flaky":false},"stage":"finished","steps":[],"attachments":[],"parameters":[],"start":1730051087723,"stop":1730051087730},{"name":"When  Admin clicks \"Program\" on the navigation bar in program module","status":"passed","statusDetails":{"known":false,"muted":false,"flaky":false},"stage":"finished","steps":[],"attachments":[],"parameters":[],"start":1730051087731,"stop":1730051089841},{"name":"Then  Admin should see data table with column header on the Manage Program Page as  Program Name, Program Description, Program Status, Edit/Delete","statusDetails":{"known":false,"muted":false,"flaky":false,"message":"Undefined Step. Please add step definition","trace":"java.lang.IllegalStateException: Undefined Step. Please add step definition\r\n\tat io.qameta.allure.cucumber5jvm.AllureCucumber5Jvm.handlePickleStep(AllureCucumber5Jvm.java:398)\r\n\tat io.qameta.allure.cucumber5jvm.AllureCucumber5Jvm.handleTestStepFinished(AllureCucumber5Jvm.java:241)\r\n\tat io.cucumber.core.eventbus.AbstractEventPublisher.send(AbstractEventPublisher.java:45)\r\n\tat io.cucumber.core.eventbus.AbstractEventBus.send(AbstractEventBus.java:9)\r\n\tat io.cucumber.core.runtime.ThreadLocalRunnerSupplier$SynchronizedEventBus.send(ThreadLocalRunnerSupplier.java:100)\r\n\tat io.cucumber.core.runtime.ThreadLocalRunnerSupplier$LocalEventBus.send(ThreadLocalRunnerSupplier.java:68)\r\n\tat io.cucumber.core.runner.TestStep.run(TestStep.java:58)\r\n\tat io.cucumber.core.runner.PickleStepTestStep.run(PickleStepTestStep.java:46)\r\n\tat io.cucumber.core.runner.TestCase.run(TestCase.java:51)\r\n\tat io.cucumber.core.runner.Runner.runPickle(Runner.java:66)\r\n\tat io.cucumber.junit.PickleRunners$NoStepDescriptions.run(PickleRunners.java:149)\r\n\tat io.cucumber.junit.FeatureRunner.runChild(FeatureRunner.java:83)\r\n\tat io.cucumber.junit.FeatureRunner.runChild(FeatureRunner.java:24)\r\n\tat org.junit.runners.ParentRunner$4.run(ParentRunner.java:331)\r\n\tat org.junit.runners.ParentRunner$1.schedule(ParentRunner.java:79)\r\n\tat org.junit.runners.ParentRunner.runChildren(ParentRunner.java:329)\r\n\tat org.junit.runners.ParentRunner.access$100(ParentRunner.java:66)\r\n\tat org.junit.runners.ParentRunner$2.evaluate(ParentRunner.java:293)\r\n\tat org.junit.runners.ParentRunner$3.evaluate(ParentRunner.java:306)\r\n\tat org.junit.runners.ParentRunner.run(ParentRunner.java:413)\r\n\tat io.cucumber.junit.Cucumber.runChild(Cucumber.java:185)\r\n\tat io.cucumber.junit.Cucumber.runChild(Cucumber.java:83)\r\n\tat org.junit.runners.ParentRunner$4.run(ParentRunner.java:331)\r\n\tat org.junit.runners.ParentRunner$1.schedule(ParentRunner.java:79)\r\n\tat org.junit.runners.ParentRunner.runChildren(ParentRunner.java:329)\r\n\tat org.junit.runners.ParentRunner.access$100(ParentRunner.java:66)\r\n\tat org.junit.runners.ParentRunner$2.evaluate(ParentRunner.java:293)\r\n\tat io.cucumber.junit.Cucumber$RunCucumber.evaluate(Cucumber.java:219)\r\n\tat org.junit.runners.ParentRunner$3.evaluate(ParentRunner.java:306)\r\n\tat org.junit.runners.ParentRunner.run(ParentRunner.java:413)\r\n\tat org.eclipse.jdt.internal.junit4.runner.JUnit4TestReference.run(JUnit4TestReference.java:93)\r\n\tat org.eclipse.jdt.internal.junit.runner.TestExecution.run(TestExecution.java:40)\r\n\tat org.eclipse.jdt.internal.junit.runner.RemoteTestRunner.runTests(RemoteTestRunner.java:529)\r\n\tat org.eclipse.jdt.internal.junit.runner.RemoteTestRunner.runTests(RemoteTestRunner.java:756)\r\n\tat org.eclipse.jdt.internal.junit.runner.RemoteTestRunner.run(RemoteTestRunner.java:452)\r\n\tat org.eclipse.jdt.internal.junit.runner.RemoteTestRunner.main(RemoteTestRunner.java:210)\r\n"},"stage":"finished","steps":[],"attachments":[],"parameters":[],"start":1730051089842,"stop":1730051089844}],"attachments":[],"parameters":[],"start":1730051085170,"stop":1730051090056}