{"uuid":"c455882a-d4dc-4e81-96f1-fe62a963e3e9","historyId":"50569568af22ae615f68cde36e98e598","fullName":"Batch Page Navigation and Validation: Validate batch name suffix box restrictions","labels":[{"name":"host","value":"Saranya"},{"name":"thread","value":"15368@Saranya.main(1)"},{"name":"feature","value":"Batch Page Navigation and Validation"},{"name":"story","value":"Validate batch name suffix box restrictions"},{"name":"suite","value":"Batch Page Navigation and Validation"},{"name":"testClass","value":"Validate batch name suffix box restrictions"},{"name":"framework","value":"cucumber5jvm"},{"name":"language","value":"java"},{"name":"gherkin_uri","value":"file:///C:/Users/eeera/git/Team01_TechNinjas/src/test/resources/features/BatchFeature/BatchNavigation&validation.feature"},{"name":"package","value":"src.test.resources.features.BatchFeature.BatchNavigation&validation_feature.Batch Page Navigation and Validation"}],"links":[],"name":"Validate batch name suffix box restrictions","status":"broken","statusDetails":{"known":false,"muted":false,"flaky":false,"message":"element click intercepted: Element <button _ngcontent-beo-c227=\"\" mat-menu-item=\"\" class=\"mat-focus-indicator mat-menu-item ng-tns-c225-3 cdk-focused cdk-mouse-focused\" role=\"menuitem\" tabindex=\"0\" aria-disabled=\"false\">...</button> is not clickable at point (1361, 76). Other element would receive the click: <div id=\"cdk-overlay-0\" class=\"cdk-overlay-pane\" style=\"position: static;\">...</div>\n  (Session info: chrome=129.0.6668.90)\nBuild info: version: '4.11.0', revision: '040bc5406b'\nSystem info: os.name: 'Windows 11', os.arch: 'amd64', os.version: '10.0', java.version: '21.0.1'\nDriver info: org.openqa.selenium.chrome.ChromeDriver\nCommand: [bde7ab76958d2fd7b7ade5e6787c5f77, clickElement {id=f.8EE79720CB6852719EFE4E66BF26B388.d.35BD8A232F2D6075E0AB4425B4B17487.e.15}]\nCapabilities {acceptInsecureCerts: false, browserName: chrome, browserVersion: 129.0.6668.90, chrome: {chromedriverVersion: 129.0.6668.100 (cf58cba358d..., userDataDir: C:\\Users\\eeera\\AppData\\Loca...}, fedcm:accounts: true, goog:chromeOptions: {debuggerAddress: localhost:49197}, networkConnectionEnabled: false, pageLoadStrategy: normal, platformName: windows, proxy: Proxy(), se:cdp: ws://localhost:49197/devtoo..., se:cdpVersion: 129.0.6668.90, setWindowRect: true, strictFileInteractability: false, timeouts: {implicit: 0, pageLoad: 300000, script: 30000}, unhandledPromptBehavior: dismiss and notify, webauthn:extension:credBlob: true, webauthn:extension:largeBlob: true, webauthn:extension:minPinLength: true, webauthn:extension:prf: true, webauthn:virtualAuthenticators: true}\nElement: [[ChromeDriver: chrome on windows (bde7ab76958d2fd7b7ade5e6787c5f77)] -> xpath: //button[text()='Add New Batch']]\nSession ID: bde7ab76958d2fd7b7ade5e6787c5f77","trace":"org.openqa.selenium.ElementClickInterceptedException: element click intercepted: Element <button _ngcontent-beo-c227=\"\" mat-menu-item=\"\" class=\"mat-focus-indicator mat-menu-item ng-tns-c225-3 cdk-focused cdk-mouse-focused\" role=\"menuitem\" tabindex=\"0\" aria-disabled=\"false\">...</button> is not clickable at point (1361, 76). Other element would receive the click: <div id=\"cdk-overlay-0\" class=\"cdk-overlay-pane\" style=\"position: static;\">...</div>\n  (Session info: chrome=129.0.6668.90)\nBuild info: version: '4.11.0', revision: '040bc5406b'\nSystem info: os.name: 'Windows 11', os.arch: 'amd64', os.version: '10.0', java.version: '21.0.1'\nDriver info: org.openqa.selenium.chrome.ChromeDriver\nCommand: [bde7ab76958d2fd7b7ade5e6787c5f77, clickElement {id=f.8EE79720CB6852719EFE4E66BF26B388.d.35BD8A232F2D6075E0AB4425B4B17487.e.15}]\nCapabilities {acceptInsecureCerts: false, browserName: chrome, browserVersion: 129.0.6668.90, chrome: {chromedriverVersion: 129.0.6668.100 (cf58cba358d..., userDataDir: C:\\Users\\eeera\\AppData\\Loca...}, fedcm:accounts: true, goog:chromeOptions: {debuggerAddress: localhost:49197}, networkConnectionEnabled: false, pageLoadStrategy: normal, platformName: windows, proxy: Proxy(), se:cdp: ws://localhost:49197/devtoo..., se:cdpVersion: 129.0.6668.90, setWindowRect: true, strictFileInteractability: false, timeouts: {implicit: 0, pageLoad: 300000, script: 30000}, unhandledPromptBehavior: dismiss and notify, webauthn:extension:credBlob: true, webauthn:extension:largeBlob: true, webauthn:extension:minPinLength: true, webauthn:extension:prf: true, webauthn:virtualAuthenticators: true}\nElement: [[ChromeDriver: chrome on windows (bde7ab76958d2fd7b7ade5e6787c5f77)] -> xpath: //button[text()='Add New Batch']]\nSession ID: bde7ab76958d2fd7b7ade5e6787c5f77\r\n\tat java.base/jdk.internal.reflect.DirectConstructorHandleAccessor.newInstance(DirectConstructorHandleAccessor.java:62)\r\n\tat java.base/java.lang.reflect.Constructor.newInstanceWithCaller(Constructor.java:502)\r\n\tat java.base/java.lang.reflect.Constructor.newInstance(Constructor.java:486)\r\n\tat org.openqa.selenium.remote.codec.w3c.W3CHttpResponseCodec.createException(W3CHttpResponseCodec.java:200)\r\n\tat org.openqa.selenium.remote.codec.w3c.W3CHttpResponseCodec.decode(W3CHttpResponseCodec.java:133)\r\n\tat org.openqa.selenium.remote.codec.w3c.W3CHttpResponseCodec.decode(W3CHttpResponseCodec.java:52)\r\n\tat org.openqa.selenium.remote.HttpCommandExecutor.execute(HttpCommandExecutor.java:191)\r\n\tat org.openqa.selenium.remote.service.DriverCommandExecutor.invokeExecute(DriverCommandExecutor.java:196)\r\n\tat org.openqa.selenium.remote.service.DriverCommandExecutor.execute(DriverCommandExecutor.java:171)\r\n\tat org.openqa.selenium.remote.RemoteWebDriver.execute(RemoteWebDriver.java:518)\r\n\tat org.openqa.selenium.remote.RemoteWebElement.execute(RemoteWebElement.java:224)\r\n\tat org.openqa.selenium.remote.RemoteWebElement.click(RemoteWebElement.java:77)\r\n\tat java.base/jdk.internal.reflect.DirectMethodHandleAccessor.invoke(DirectMethodHandleAccessor.java:103)\r\n\tat java.base/java.lang.reflect.Method.invoke(Method.java:580)\r\n\tat org.openqa.selenium.support.pagefactory.internal.LocatingElementHandler.invoke(LocatingElementHandler.java:51)\r\n\tat jdk.proxy2/jdk.proxy2.$Proxy25.click(Unknown Source)\r\n\tat com.pageObject.BatchModule.clickAddNewBatchButton(BatchModule.java:340)\r\n\tat com.stepDefinition.Batch_SD.enterBatchNameSuffix(Batch_SD.java:164)\r\n\tat ✽.Admin enters abcdef in the batch name suffix box(file:///C:/Users/eeera/git/Team01_TechNinjas/src/test/resources/features/BatchFeature/BatchNavigation&validation.feature:48)\r\n"},"stage":"finished","steps":[{"name":"Given  Admin is logged into the LMS portal and on the dashboard page","status":"passed","statusDetails":{"known":false,"muted":false,"flaky":false},"stage":"finished","steps":[],"attachments":[],"parameters":[],"start":1729955740749,"stop":1729955741954},{"name":"When  Admin enters abcdef in the batch name suffix box","status":"broken","statusDetails":{"known":false,"muted":false,"flaky":false,"message":"element click intercepted: Element <button _ngcontent-beo-c227=\"\" mat-menu-item=\"\" class=\"mat-focus-indicator mat-menu-item ng-tns-c225-3 cdk-focused cdk-mouse-focused\" role=\"menuitem\" tabindex=\"0\" aria-disabled=\"false\">...</button> is not clickable at point (1361, 76). Other element would receive the click: <div id=\"cdk-overlay-0\" class=\"cdk-overlay-pane\" style=\"position: static;\">...</div>\n  (Session info: chrome=129.0.6668.90)\nBuild info: version: '4.11.0', revision: '040bc5406b'\nSystem info: os.name: 'Windows 11', os.arch: 'amd64', os.version: '10.0', java.version: '21.0.1'\nDriver info: org.openqa.selenium.chrome.ChromeDriver\nCommand: [bde7ab76958d2fd7b7ade5e6787c5f77, clickElement {id=f.8EE79720CB6852719EFE4E66BF26B388.d.35BD8A232F2D6075E0AB4425B4B17487.e.15}]\nCapabilities {acceptInsecureCerts: false, browserName: chrome, browserVersion: 129.0.6668.90, chrome: {chromedriverVersion: 129.0.6668.100 (cf58cba358d..., userDataDir: C:\\Users\\eeera\\AppData\\Loca...}, fedcm:accounts: true, goog:chromeOptions: {debuggerAddress: localhost:49197}, networkConnectionEnabled: false, pageLoadStrategy: normal, platformName: windows, proxy: Proxy(), se:cdp: ws://localhost:49197/devtoo..., se:cdpVersion: 129.0.6668.90, setWindowRect: true, strictFileInteractability: false, timeouts: {implicit: 0, pageLoad: 300000, script: 30000}, unhandledPromptBehavior: dismiss and notify, webauthn:extension:credBlob: true, webauthn:extension:largeBlob: true, webauthn:extension:minPinLength: true, webauthn:extension:prf: true, webauthn:virtualAuthenticators: true}\nElement: [[ChromeDriver: chrome on windows (bde7ab76958d2fd7b7ade5e6787c5f77)] -> xpath: //button[text()='Add New Batch']]\nSession ID: bde7ab76958d2fd7b7ade5e6787c5f77","trace":"org.openqa.selenium.ElementClickInterceptedException: element click intercepted: Element <button _ngcontent-beo-c227=\"\" mat-menu-item=\"\" class=\"mat-focus-indicator mat-menu-item ng-tns-c225-3 cdk-focused cdk-mouse-focused\" role=\"menuitem\" tabindex=\"0\" aria-disabled=\"false\">...</button> is not clickable at point (1361, 76). Other element would receive the click: <div id=\"cdk-overlay-0\" class=\"cdk-overlay-pane\" style=\"position: static;\">...</div>\n  (Session info: chrome=129.0.6668.90)\nBuild info: version: '4.11.0', revision: '040bc5406b'\nSystem info: os.name: 'Windows 11', os.arch: 'amd64', os.version: '10.0', java.version: '21.0.1'\nDriver info: org.openqa.selenium.chrome.ChromeDriver\nCommand: [bde7ab76958d2fd7b7ade5e6787c5f77, clickElement {id=f.8EE79720CB6852719EFE4E66BF26B388.d.35BD8A232F2D6075E0AB4425B4B17487.e.15}]\nCapabilities {acceptInsecureCerts: false, browserName: chrome, browserVersion: 129.0.6668.90, chrome: {chromedriverVersion: 129.0.6668.100 (cf58cba358d..., userDataDir: C:\\Users\\eeera\\AppData\\Loca...}, fedcm:accounts: true, goog:chromeOptions: {debuggerAddress: localhost:49197}, networkConnectionEnabled: false, pageLoadStrategy: normal, platformName: windows, proxy: Proxy(), se:cdp: ws://localhost:49197/devtoo..., se:cdpVersion: 129.0.6668.90, setWindowRect: true, strictFileInteractability: false, timeouts: {implicit: 0, pageLoad: 300000, script: 30000}, unhandledPromptBehavior: dismiss and notify, webauthn:extension:credBlob: true, webauthn:extension:largeBlob: true, webauthn:extension:minPinLength: true, webauthn:extension:prf: true, webauthn:virtualAuthenticators: true}\nElement: [[ChromeDriver: chrome on windows (bde7ab76958d2fd7b7ade5e6787c5f77)] -> xpath: //button[text()='Add New Batch']]\nSession ID: bde7ab76958d2fd7b7ade5e6787c5f77\r\n\tat java.base/jdk.internal.reflect.DirectConstructorHandleAccessor.newInstance(DirectConstructorHandleAccessor.java:62)\r\n\tat java.base/java.lang.reflect.Constructor.newInstanceWithCaller(Constructor.java:502)\r\n\tat java.base/java.lang.reflect.Constructor.newInstance(Constructor.java:486)\r\n\tat org.openqa.selenium.remote.codec.w3c.W3CHttpResponseCodec.createException(W3CHttpResponseCodec.java:200)\r\n\tat org.openqa.selenium.remote.codec.w3c.W3CHttpResponseCodec.decode(W3CHttpResponseCodec.java:133)\r\n\tat org.openqa.selenium.remote.codec.w3c.W3CHttpResponseCodec.decode(W3CHttpResponseCodec.java:52)\r\n\tat org.openqa.selenium.remote.HttpCommandExecutor.execute(HttpCommandExecutor.java:191)\r\n\tat org.openqa.selenium.remote.service.DriverCommandExecutor.invokeExecute(DriverCommandExecutor.java:196)\r\n\tat org.openqa.selenium.remote.service.DriverCommandExecutor.execute(DriverCommandExecutor.java:171)\r\n\tat org.openqa.selenium.remote.RemoteWebDriver.execute(RemoteWebDriver.java:518)\r\n\tat org.openqa.selenium.remote.RemoteWebElement.execute(RemoteWebElement.java:224)\r\n\tat org.openqa.selenium.remote.RemoteWebElement.click(RemoteWebElement.java:77)\r\n\tat java.base/jdk.internal.reflect.DirectMethodHandleAccessor.invoke(DirectMethodHandleAccessor.java:103)\r\n\tat java.base/java.lang.reflect.Method.invoke(Method.java:580)\r\n\tat org.openqa.selenium.support.pagefactory.internal.LocatingElementHandler.invoke(LocatingElementHandler.java:51)\r\n\tat jdk.proxy2/jdk.proxy2.$Proxy25.click(Unknown Source)\r\n\tat com.pageObject.BatchModule.clickAddNewBatchButton(BatchModule.java:340)\r\n\tat com.stepDefinition.Batch_SD.enterBatchNameSuffix(Batch_SD.java:164)\r\n\tat ✽.Admin enters abcdef in the batch name suffix box(file:///C:/Users/eeera/git/Team01_TechNinjas/src/test/resources/features/BatchFeature/BatchNavigation&validation.feature:48)\r\n"},"stage":"finished","steps":[],"attachments":[],"parameters":[],"start":1729955741954,"stop":1729955743692},{"name":"Then  Admin should get an \"This field accepts only numbers and max 5 count.\"","status":"skipped","statusDetails":{"known":false,"muted":false,"flaky":false},"stage":"finished","steps":[],"attachments":[],"parameters":[],"start":1729955743693,"stop":1729955743694}],"attachments":[],"parameters":[{"name":"input","value":"abcdef"},{"name":"expected_message","value":"This field accepts only numbers and max 5 count."}],"start":1729955738233,"stop":1729955743919}